<?xml version="1.0" encoding="UTF-8"?>
<Site BuildName="(empty)"
	BuildStamp="20240619-1335-Experimental"
	Name="ROG"
	Generator="ctest-3.16.3"
	CompilerName="/usr/bin/c++"
	CompilerVersion="9.4.0"
	OSName="Linux"
	Hostname="ROG"
	OSRelease="6.9.3-060903-generic"
	OSVersion="#202405300957 SMP PREEMPT_DYNAMIC Thu May 30 11:39:13 UTC 2024"
	OSPlatform="x86_64"
	Is64Bits="1"
	VendorString="AuthenticAMD"
	VendorID="Advanced Micro Devices"
	FamilyID="25"
	ModelID="68"
	ProcessorCacheSize="512"
	NumberOfLogicalCPU="16"
	NumberOfPhysicalCPU="8"
	TotalVirtualMemory="2047"
	TotalPhysicalMemory="31330"
	LogicalProcessorsPerPhysical="2"
	ProcessorClockFrequency="3667.6"
	>
	<Testing>
		<StartDateTime>Jun 19 15:35 CEST</StartDateTime>
		<StartTestTime>1718804109</StartTestTime>
		<TestList/>
		<EndDateTime>Jun 19 15:35 CEST</EndDateTime>
		<EndTestTime>1718804109</EndTestTime>
		<ElapsedMinutes>0</ElapsedMinutes>
	</Testing>
</Site>
